/var/spool/slurmd/job241887/slurm_script: line 11: cd: /storage/zhangfa1/wxs/image: No such file or directory
INFO:albumentations.check_version:A new version of Albumentations is available: 1.4.11 (you have 1.4.7). Upgrade using: pip install --upgrade albumentations
2024-07-25 10:44:49.011 | INFO     | __main__:<module>:274 - cfg_file: patient2_config.yaml
2024-07-25 10:44:49.065 | INFO     | __main__:<module>:285 - time stamp:
2024-07-25 10:44:49.066 | INFO     | __main__:init_project:29 - Initialization ... 
2024-07-25 10:44:49.257 | INFO     | __main__:init_project:57 - Done (time: 0.19s)
2024-07-25 10:44:49.257 | INFO     | __main__:load_dataset:61 - Caching datasets ... 
2024-07-25 10:44:49.266 | INFO     | __main__:load_dataset:80 - Done (time: 0.01s)
2024-07-25 10:44:49.266 | INFO     | __main__:build_model:84 - Building model on 
2024-07-25 10:44:51.534 | INFO     | __main__:build_model:90 - Done (time: 2.27s)
2024-07-25 10:45:03.428 | INFO     | __main__:loop:189 - source_loss=0.6286166906356812---0.852412223815918---0.6540998816490173---0.7276298403739929
2024-07-25 10:45:03.901 | INFO     | __main__:loop:227 - target_loss=0.0005043114069849253---0.0005144799943082035---0.6526308059692383
2024-07-25 10:45:37.109 | INFO     | __main__:loop:247 - model-1, dice=0.230309, jac=0.130169
2024-07-25 10:45:37.110 | INFO     | __main__:loop:248 - model-1, mAP=0.130716, F1=0.230309, MCC=0.101015, IoU=0.130169
2024-07-25 10:47:35.710 | INFO     | __main__:loop:189 - source_loss=0.22554728388786316---0.25234851241111755---0.29300129413604736---0.6838281154632568
2024-07-25 10:47:36.089 | INFO     | __main__:loop:227 - target_loss=9.256795601686463e-05---0.0001250612986041233---0.7360284328460693
2024-07-25 10:49:20.084 | INFO     | __main__:loop:189 - source_loss=0.1610444188117981---0.15596917271614075---0.21114447712898254---0.6998940110206604
2024-07-25 10:49:20.945 | INFO     | __main__:loop:227 - target_loss=7.975809421623126e-05---9.762540139490739e-05---0.7463260889053345
2024-07-25 10:51:09.425 | INFO     | __main__:loop:189 - source_loss=0.14457347989082336---0.15281257033348083---0.23577548563480377---0.6562724113464355
2024-07-25 10:51:10.122 | INFO     | __main__:loop:227 - target_loss=7.048129918985069e-05---8.416816854150966e-05---0.737159013748169
2024-07-25 10:52:59.977 | INFO     | __main__:loop:189 - source_loss=0.155702143907547---0.15460416674613953---0.20471106469631195---0.739905059337616
2024-07-25 10:53:00.364 | INFO     | __main__:loop:227 - target_loss=6.402437429642305e-05---6.830813072156161e-05---0.7082642912864685
2024-07-25 10:54:50.628 | INFO     | __main__:loop:189 - source_loss=0.1385541409254074---0.143937349319458---0.20531810820102692---0.661984920501709
2024-07-25 10:54:51.356 | INFO     | __main__:loop:227 - target_loss=7.782974716974422e-05---7.537008059443906e-05---0.7452122569084167
2024-07-25 10:55:10.853 | INFO     | __main__:loop:247 - model-500, dice=0.589822, jac=0.418389
2024-07-25 10:55:10.855 | INFO     | __main__:loop:248 - model-500, mAP=0.409920, F1=0.589822, MCC=0.549975, IoU=0.418389
2024-07-25 10:55:11.080 | INFO     | __main__:loop:261 - ***************save modol, iters = 500.***************
2024-07-25 10:56:52.414 | INFO     | __main__:loop:189 - source_loss=0.12511783838272095---0.13005012273788452---0.12403940409421921---0.6819720268249512
2024-07-25 10:56:52.788 | INFO     | __main__:loop:227 - target_loss=6.7198219767306e-05---7.242089486680925e-05---0.7093452215194702
2024-07-25 10:58:40.041 | INFO     | __main__:loop:189 - source_loss=0.16470648348331451---0.1760653257369995---0.23173648118972778---0.618079662322998
2024-07-25 10:58:40.905 | INFO     | __main__:loop:227 - target_loss=8.163008897099644e-05---8.990581409307197e-05---0.6790966391563416
2024-07-25 11:00:23.044 | INFO     | __main__:loop:189 - source_loss=0.11913466453552246---0.12466782331466675---0.19122770428657532---0.7439718842506409
2024-07-25 11:00:23.455 | INFO     | __main__:loop:227 - target_loss=0.00010535481851547956---0.00010327930067433044---0.7078551650047302
2024-07-25 11:02:08.361 | INFO     | __main__:loop:189 - source_loss=0.10645406693220139---0.10417137295007706---0.14061321318149567---0.6708109378814697
2024-07-25 11:02:08.930 | INFO     | __main__:loop:227 - target_loss=0.00010579712397884578---0.00011270243703620508---0.7120751142501831
2024-07-25 11:03:56.788 | INFO     | __main__:loop:189 - source_loss=0.12741434574127197---0.1318761706352234---0.11203514039516449---0.6422407031059265
2024-07-25 11:03:57.156 | INFO     | __main__:loop:227 - target_loss=0.00010970310540869832---0.0001066500335582532---0.6999905109405518
2024-07-25 11:04:16.725 | INFO     | __main__:loop:247 - model-1000, dice=0.634230, jac=0.464753
2024-07-25 11:04:16.727 | INFO     | __main__:loop:248 - model-1000, mAP=0.456740, F1=0.634230, MCC=0.596169, IoU=0.464753
2024-07-25 11:04:16.890 | INFO     | __main__:loop:261 - ***************save modol, iters = 1000.***************
2024-07-25 11:05:54.502 | INFO     | __main__:loop:189 - source_loss=0.11781790852546692---0.11994196474552155---0.11861357092857361---0.7164381742477417
2024-07-25 11:05:54.881 | INFO     | __main__:loop:227 - target_loss=0.00011209800140932202---0.00010530462895985693---0.7157966494560242
2024-07-25 11:07:44.613 | INFO     | __main__:loop:189 - source_loss=0.10905517637729645---0.10900670289993286---0.0948726162314415---0.6838089227676392
2024-07-25 11:07:45.042 | INFO     | __main__:loop:227 - target_loss=0.0001483502855990082---0.0001442283537471667---0.6997302770614624
2024-07-25 11:09:38.099 | INFO     | __main__:loop:189 - source_loss=0.10947280377149582---0.11203952878713608---0.09599248319864273---0.7027648687362671
2024-07-25 11:09:39.363 | INFO     | __main__:loop:227 - target_loss=0.0001739357685437426---0.00016167033754754812---0.7180651426315308
2024-07-25 11:11:25.990 | INFO     | __main__:loop:189 - source_loss=0.10753212869167328---0.10933459550142288---0.11661871522665024---0.7630287408828735
2024-07-25 11:11:26.378 | INFO     | __main__:loop:227 - target_loss=0.0001935970358317718---0.00018676546460483223---0.7419642210006714
2024-07-25 11:13:11.667 | INFO     | __main__:loop:189 - source_loss=0.12505768239498138---0.1253860741853714---0.19666607677936554---0.6895772218704224
2024-07-25 11:13:12.033 | INFO     | __main__:loop:227 - target_loss=0.00017370270506944507---0.0001696453255135566---0.735130786895752
2024-07-25 11:13:31.786 | INFO     | __main__:loop:247 - model-1500, dice=0.637009, jac=0.467532
2024-07-25 11:13:31.796 | INFO     | __main__:loop:248 - model-1500, mAP=0.455097, F1=0.637009, MCC=0.595121, IoU=0.467532
2024-07-25 11:13:31.960 | INFO     | __main__:loop:261 - ***************save modol, iters = 1500.***************
2024-07-25 11:15:15.213 | INFO     | __main__:loop:189 - source_loss=0.1314646154642105---0.13371442258358002---0.22258920967578888---0.6950792074203491
2024-07-25 11:15:15.586 | INFO     | __main__:loop:227 - target_loss=0.00021937914425507188---0.00020059512462466955---0.6948798894882202
2024-07-25 11:17:04.567 | INFO     | __main__:loop:189 - source_loss=0.11114861816167831---0.11609836667776108---0.12479980289936066---0.6924661993980408
2024-07-25 11:17:04.921 | INFO     | __main__:loop:227 - target_loss=0.00024044456949923187---0.0002260196633869782---0.6835519075393677
2024-07-25 11:18:50.227 | INFO     | __main__:loop:189 - source_loss=0.09111210703849792---0.10084947198629379---0.14122314751148224---0.7020209431648254
2024-07-25 11:18:50.655 | INFO     | __main__:loop:227 - target_loss=0.00025636254576966166---0.00023700360907241702---0.705683171749115
2024-07-25 11:20:33.899 | INFO     | __main__:loop:189 - source_loss=0.08007165789604187---0.07998118549585342---0.09579450637102127---0.7362162470817566
2024-07-25 11:20:34.279 | INFO     | __main__:loop:227 - target_loss=0.0002322591608390212---0.00021750429004896432---0.6879445314407349
2024-07-25 11:22:20.478 | INFO     | __main__:loop:189 - source_loss=0.10364639759063721---0.10238703340291977---0.15376336872577667---0.7434793710708618
2024-07-25 11:22:20.876 | INFO     | __main__:loop:227 - target_loss=0.0001996902283281088---0.00018697675841394812---0.7015445232391357
2024-07-25 11:22:40.640 | INFO     | __main__:loop:247 - model-2000, dice=0.641628, jac=0.472520
2024-07-25 11:22:40.642 | INFO     | __main__:loop:248 - model-2000, mAP=0.458527, F1=0.641628, MCC=0.598640, IoU=0.472520
2024-07-25 11:22:40.810 | INFO     | __main__:loop:261 - ***************save modol, iters = 2000.***************
2024-07-25 11:24:28.152 | INFO     | __main__:loop:189 - source_loss=0.06883946806192398---0.07148933410644531---0.0799386203289032---0.7041943669319153
2024-07-25 11:24:28.540 | INFO     | __main__:loop:227 - target_loss=0.0002510557824280113---0.0002443392586428672---0.6938034892082214
2024-07-25 11:26:13.772 | INFO     | __main__:loop:189 - source_loss=0.11184261739253998---0.10013507306575775---0.18407806754112244---0.7137079238891602
2024-07-25 11:26:14.160 | INFO     | __main__:loop:227 - target_loss=0.0002797194174490869---0.00025686711887829006---0.6891148686408997
2024-07-25 11:27:56.313 | INFO     | __main__:loop:189 - source_loss=0.11272609978914261---0.1488165557384491---0.19675366580486298---0.7020971179008484
2024-07-25 11:27:56.681 | INFO     | __main__:loop:227 - target_loss=0.00023599935229867697---0.00020560734265018255---0.692772626876831
2024-07-25 11:29:43.586 | INFO     | __main__:loop:189 - source_loss=0.11073178797960281---0.10241402685642242---0.18670573830604553---0.7034720182418823
2024-07-25 11:29:43.980 | INFO     | __main__:loop:227 - target_loss=0.0002728515537455678---0.00025177173665724695---0.6871960163116455
2024-07-25 11:31:27.257 | INFO     | __main__:loop:189 - source_loss=0.13496628403663635---0.13345228135585785---0.19505825638771057---0.7085949778556824
2024-07-25 11:31:27.623 | INFO     | __main__:loop:227 - target_loss=0.00031173406750895083---0.00029304882627911866---0.6833027601242065
2024-07-25 11:31:46.973 | INFO     | __main__:loop:247 - model-2500, dice=0.627961, jac=0.458111
2024-07-25 11:31:46.975 | INFO     | __main__:loop:248 - model-2500, mAP=0.446945, F1=0.627961, MCC=0.586916, IoU=0.458111
2024-07-25 11:31:47.118 | INFO     | __main__:loop:261 - ***************save modol, iters = 2500.***************
2024-07-25 11:33:33.125 | INFO     | __main__:loop:189 - source_loss=0.1023079976439476---0.09710719436407089---0.15080338716506958---0.7040804624557495
2024-07-25 11:33:33.788 | INFO     | __main__:loop:227 - target_loss=0.00026990336482413113---0.00024201339692808688---0.6899046897888184
2024-07-25 11:35:20.531 | INFO     | __main__:loop:189 - source_loss=0.08748789131641388---0.08064955472946167---0.13297632336616516---0.7001197338104248
2024-07-25 11:35:20.912 | INFO     | __main__:loop:227 - target_loss=0.0002776647452265024---0.0002561634755693376---0.6892123818397522
2024-07-25 11:37:06.201 | INFO     | __main__:loop:189 - source_loss=0.11138138175010681---0.09860622137784958---0.20911286771297455---0.6968202590942383
2024-07-25 11:37:06.567 | INFO     | __main__:loop:227 - target_loss=0.00033259307383559644---0.0003073750121984631---0.6931147575378418
2024-07-25 11:38:51.777 | INFO     | __main__:loop:189 - source_loss=0.13032923638820648---0.12515689432621002---0.2338225394487381---0.7021883726119995
2024-07-25 11:38:53.049 | INFO     | __main__:loop:227 - target_loss=0.00036530374200083315---0.00033826034632511437---0.6892187595367432
2024-07-25 11:40:37.402 | INFO     | __main__:loop:189 - source_loss=0.10171609371900558---0.11351049691438675---0.17989139258861542---0.7080283164978027
2024-07-25 11:40:38.097 | INFO     | __main__:loop:227 - target_loss=0.00034682120895013213---0.00032790357363410294---0.686886727809906
2024-07-25 11:40:57.635 | INFO     | __main__:loop:247 - model-3000, dice=0.636897, jac=0.467599
2024-07-25 11:40:57.651 | INFO     | __main__:loop:248 - model-3000, mAP=0.453207, F1=0.636897, MCC=0.593380, IoU=0.467599
2024-07-25 11:40:57.818 | INFO     | __main__:loop:261 - ***************save modol, iters = 3000.***************
2024-07-25 11:42:43.305 | INFO     | __main__:loop:189 - source_loss=0.07706853002309799---0.07614333182573318---0.09098894894123077---0.6993563175201416
2024-07-25 11:42:43.688 | INFO     | __main__:loop:227 - target_loss=0.00036488365731202066---0.00035264083999209106---0.6921967267990112
2024-07-25 11:44:29.945 | INFO     | __main__:loop:189 - source_loss=0.09439612179994583---0.11703015118837357---0.17384807765483856---0.6938843727111816
2024-07-25 11:44:30.330 | INFO     | __main__:loop:227 - target_loss=0.0003905022458638996---0.0003727631992660463---0.6928975582122803
2024-07-25 11:46:12.944 | INFO     | __main__:loop:189 - source_loss=0.14137892425060272---0.1200668215751648---0.23347511887550354---0.6876043081283569
2024-07-25 11:46:13.333 | INFO     | __main__:loop:227 - target_loss=0.0004656865494325757---0.00042110963840968907---0.7003304958343506
2024-07-25 11:47:57.036 | INFO     | __main__:loop:189 - source_loss=0.06503850966691971---0.061597492545843124---0.0929165929555893---0.6982808113098145
2024-07-25 11:47:57.400 | INFO     | __main__:loop:227 - target_loss=0.0005034044734202325---0.0004400932230055332---0.6924697160720825
2024-07-25 11:49:45.414 | INFO     | __main__:loop:189 - source_loss=0.09680099040269852---0.11033567786216736---0.20820486545562744---0.6890546083450317
2024-07-25 11:49:45.826 | INFO     | __main__:loop:227 - target_loss=0.00039647272205911577---0.0003542778722476214---0.7015569806098938
2024-07-25 11:50:05.295 | INFO     | __main__:loop:247 - model-3500, dice=0.647046, jac=0.478550
2024-07-25 11:50:05.303 | INFO     | __main__:loop:248 - model-3500, mAP=0.463600, F1=0.647046, MCC=0.603580, IoU=0.478550
2024-07-25 11:50:05.899 | INFO     | __main__:loop:261 - ***************save modol, iters = 3500.***************
2024-07-25 11:51:47.516 | INFO     | __main__:loop:189 - source_loss=0.06290614604949951---0.06202070415019989---0.08889174461364746---0.6994442939758301
2024-07-25 11:51:47.897 | INFO     | __main__:loop:227 - target_loss=0.00045875212526880205---0.00044263910967856646---0.6926791667938232
2024-07-25 11:53:31.750 | INFO     | __main__:loop:189 - source_loss=0.08330941945314407---0.0673825591802597---0.13112574815750122---0.7072241902351379
2024-07-25 11:53:32.152 | INFO     | __main__:loop:227 - target_loss=0.0005531891947612166---0.0005087515455670655---0.6825106143951416
2024-07-25 11:55:17.187 | INFO     | __main__:loop:189 - source_loss=0.09558182209730148---0.09021671861410141---0.19468408823013306---0.7008455991744995
2024-07-25 11:55:17.583 | INFO     | __main__:loop:227 - target_loss=0.0005428596632555127---0.000511340273078531---0.6908489465713501
2024-07-25 11:57:05.702 | INFO     | __main__:loop:189 - source_loss=0.13681820034980774---0.150608092546463---0.2586209774017334---0.6938836574554443
2024-07-25 11:57:06.098 | INFO     | __main__:loop:227 - target_loss=0.000517875247169286---0.000510789395775646---0.6913583278656006
2024-07-25 11:58:49.564 | INFO     | __main__:loop:189 - source_loss=0.0523153692483902---0.05819898098707199---0.11619072407484055---0.6906231045722961
2024-07-25 11:58:50.215 | INFO     | __main__:loop:227 - target_loss=0.0005166966002434492---0.0005055274232290685---0.6974530220031738
2024-07-25 11:59:09.600 | INFO     | __main__:loop:247 - model-4000, dice=0.639355, jac=0.470123
2024-07-25 11:59:09.602 | INFO     | __main__:loop:248 - model-4000, mAP=0.454942, F1=0.639355, MCC=0.595299, IoU=0.470123
2024-07-25 11:59:09.803 | INFO     | __main__:loop:261 - ***************save modol, iters = 4000.***************
2024-07-25 12:00:59.368 | INFO     | __main__:loop:189 - source_loss=0.08302737772464752---0.08553704619407654---0.15436401963233948---0.6922217607498169
2024-07-25 12:00:59.736 | INFO     | __main__:loop:227 - target_loss=0.0005631616804748774---0.0005364161916077137---0.6958020329475403
2024-07-25 12:02:48.640 | INFO     | __main__:loop:189 - source_loss=0.051696423441171646---0.05187402293086052---0.07936335355043411---0.7013751268386841
2024-07-25 12:02:49.044 | INFO     | __main__:loop:227 - target_loss=0.0005130252684466541---0.0004760374140460044---0.6888529062271118
2024-07-25 12:04:34.124 | INFO     | __main__:loop:189 - source_loss=0.07405201345682144---0.0917218029499054---0.1558622568845749---0.6839020252227783
2024-07-25 12:04:34.523 | INFO     | __main__:loop:227 - target_loss=0.0005891422042623162---0.0005587770720012486---0.7029838562011719
2024-07-25 12:06:18.874 | INFO     | __main__:loop:189 - source_loss=0.10274071991443634---0.11990975588560104---0.17916643619537354---0.6970922946929932
2024-07-25 12:06:19.261 | INFO     | __main__:loop:227 - target_loss=0.0005808522109873593---0.0005494339275173843---0.6908859610557556
2024-07-25 12:08:03.776 | INFO     | __main__:loop:189 - source_loss=0.10454832762479782---0.0792827233672142---0.1522768884897232---0.6991344690322876
2024-07-25 12:08:04.170 | INFO     | __main__:loop:227 - target_loss=0.0005357171758078039---0.0004796369175892323---0.6902284622192383
2024-07-25 12:08:23.820 | INFO     | __main__:loop:247 - model-4500, dice=0.623888, jac=0.453645
2024-07-25 12:08:23.821 | INFO     | __main__:loop:248 - model-4500, mAP=0.442059, F1=0.623888, MCC=0.582269, IoU=0.453645
2024-07-25 12:08:23.986 | INFO     | __main__:loop:261 - ***************save modol, iters = 4500.***************
2024-07-25 12:10:11.976 | INFO     | __main__:loop:189 - source_loss=0.060672227293252945---0.062407318502664566---0.09533287584781647---0.6945927739143372
2024-07-25 12:10:12.365 | INFO     | __main__:loop:227 - target_loss=0.0005364741664379835---0.0005560203571803868---0.6922485828399658
2024-07-25 12:12:02.350 | INFO     | __main__:loop:189 - source_loss=0.05595024302601814---0.05665254965424538---0.08693072199821472---0.7003166079521179
2024-07-25 12:12:02.762 | INFO     | __main__:loop:227 - target_loss=0.000570792646612972---0.0006027474883012474---0.6885683536529541
2024-07-25 12:13:46.849 | INFO     | __main__:loop:189 - source_loss=0.07393799722194672---0.063247449696064---0.11651019006967545---0.692376971244812
2024-07-25 12:13:47.216 | INFO     | __main__:loop:227 - target_loss=0.0005483574350364506---0.0005191698437556624---0.6982629299163818
2024-07-25 12:15:32.042 | INFO     | __main__:loop:189 - source_loss=0.06188516691327095---0.06595490872859955---0.12732605636119843---0.6918247938156128
2024-07-25 12:15:32.415 | INFO     | __main__:loop:227 - target_loss=0.0006567342788912356---0.0006067330250516534---0.6964571475982666
2024-07-25 12:17:14.287 | INFO     | __main__:loop:189 - source_loss=0.06397465616464615---0.05954551324248314---0.12541347742080688---0.6873608827590942
2024-07-25 12:17:14.656 | INFO     | __main__:loop:227 - target_loss=0.0006563044153153896---0.000628505484201014---0.7015502452850342
2024-07-25 12:17:34.479 | INFO     | __main__:loop:247 - model-5000, dice=0.645811, jac=0.477094
2024-07-25 12:17:34.481 | INFO     | __main__:loop:248 - model-5000, mAP=0.460646, F1=0.645811, MCC=0.601089, IoU=0.477094
2024-07-25 12:17:34.637 | INFO     | __main__:loop:261 - ***************save modol, iters = 5000.***************
2024-07-25 12:19:16.020 | INFO     | __main__:loop:189 - source_loss=0.061884019523859024---0.06374447792768478---0.09549839794635773---0.6909509897232056
2024-07-25 12:19:16.393 | INFO     | __main__:loop:227 - target_loss=0.0005688029923476279---0.0005604798207059503---0.6964486837387085
2024-07-25 12:21:01.676 | INFO     | __main__:loop:189 - source_loss=0.09794022887945175---0.0960056334733963---0.15753726661205292---0.6956998109817505
2024-07-25 12:21:02.058 | INFO     | __main__:loop:227 - target_loss=0.0006043181638233364---0.0005767485126852989---0.6951074600219727
2024-07-25 12:22:51.949 | INFO     | __main__:loop:189 - source_loss=0.12640351057052612---0.10670311003923416---0.21016047894954681---0.6912736892700195
2024-07-25 12:22:52.344 | INFO     | __main__:loop:227 - target_loss=0.0006288128788582981---0.0006105423090048134---0.6983201503753662
2024-07-25 12:24:37.657 | INFO     | __main__:loop:189 - source_loss=0.09352664649486542---0.07439793646335602---0.14984960854053497---0.6860201358795166
2024-07-25 12:24:39.304 | INFO     | __main__:loop:227 - target_loss=0.0006225807010196149---0.000647214415948838---0.7034034729003906
2024-07-25 12:26:23.886 | INFO     | __main__:loop:189 - source_loss=0.08524627983570099---0.10164203494787216---0.16078616678714752---0.6890600919723511
2024-07-25 12:26:24.287 | INFO     | __main__:loop:227 - target_loss=0.0007284448365680873---0.0007137458305805922---0.7014427781105042
2024-07-25 12:26:44.288 | INFO     | __main__:loop:247 - model-5500, dice=0.641030, jac=0.471908
2024-07-25 12:26:44.289 | INFO     | __main__:loop:248 - model-5500, mAP=0.455169, F1=0.641030, MCC=0.595834, IoU=0.471908
2024-07-25 12:26:44.446 | INFO     | __main__:loop:261 - ***************save modol, iters = 5500.***************
2024-07-25 12:28:39.363 | INFO     | __main__:loop:189 - source_loss=0.0670219138264656---0.08674567192792892---0.1305200308561325---0.7039938569068909
2024-07-25 12:28:39.778 | INFO     | __main__:loop:227 - target_loss=0.0007055980386212468---0.0006870041834190488---0.6858425736427307
2024-07-25 12:30:26.067 | INFO     | __main__:loop:189 - source_loss=0.0646485686302185---0.06331677734851837---0.08967774361371994---0.6900340914726257
2024-07-25 12:30:26.729 | INFO     | __main__:loop:227 - target_loss=0.0006846592877991498---0.0006662090891040862---0.6982777118682861
2024-07-25 12:32:11.840 | INFO     | __main__:loop:189 - source_loss=0.05612451210618019---0.058217670768499374---0.0954994186758995---0.6942043304443359
2024-07-25 12:32:12.505 | INFO     | __main__:loop:227 - target_loss=0.0007374947890639305---0.0007357285358011723---0.6937776803970337
2024-07-25 12:33:58.209 | INFO     | __main__:loop:189 - source_loss=0.052902888506650925---0.047074299305677414---0.1028876081109047---0.6844522953033447
2024-07-25 12:33:58.601 | INFO     | __main__:loop:227 - target_loss=0.000681278295814991---0.0006681624217890203---0.701809287071228
2024-07-25 12:35:41.982 | INFO     | __main__:loop:189 - source_loss=0.09504513442516327---0.08880920708179474---0.16130848228931427---0.6970792412757874
2024-07-25 12:35:42.352 | INFO     | __main__:loop:227 - target_loss=0.0007083858945406973---0.0007215537480078638---0.6887333989143372
2024-07-25 12:36:01.795 | INFO     | __main__:loop:247 - model-6000, dice=0.634144, jac=0.464510
2024-07-25 12:36:01.797 | INFO     | __main__:loop:248 - model-6000, mAP=0.447083, F1=0.634144, MCC=0.587974, IoU=0.464510
2024-07-25 12:36:01.964 | INFO     | __main__:loop:261 - ***************save modol, iters = 6000.***************
2024-07-25 12:37:45.558 | INFO     | __main__:loop:189 - source_loss=0.053967926651239395---0.051305659115314484---0.08750887215137482---0.6882953643798828
2024-07-25 12:37:45.954 | INFO     | __main__:loop:227 - target_loss=0.0007192794582806528---0.0007321984739974141---0.6998578310012817
2024-07-25 12:39:38.088 | INFO     | __main__:loop:189 - source_loss=0.052498579025268555---0.0520932599902153---0.0813329815864563---0.6931136250495911
2024-07-25 12:39:38.514 | INFO     | __main__:loop:227 - target_loss=0.0006799264228902757---0.0006753500201739371---0.6945538520812988
2024-07-25 12:41:22.204 | INFO     | __main__:loop:189 - source_loss=0.06780674308538437---0.08027227222919464---0.12179911881685257---0.6879533529281616
2024-07-25 12:41:22.598 | INFO     | __main__:loop:227 - target_loss=0.0007260209531523287---0.0007310369983315468---0.7018699645996094
2024-07-25 12:43:07.447 | INFO     | __main__:loop:189 - source_loss=0.056347932666540146---0.053535956889390945---0.09180564433336258---0.6960625052452087
2024-07-25 12:43:07.850 | INFO     | __main__:loop:227 - target_loss=0.0009046646882779896---0.000820215733256191---0.6961990594863892
2024-07-25 12:44:49.280 | INFO     | __main__:loop:189 - source_loss=0.044307220727205276---0.04758381471037865---0.07623761147260666---0.6888201236724854
2024-07-25 12:44:49.661 | INFO     | __main__:loop:227 - target_loss=0.0007462816429324448---0.0007298910059034824---0.6998330354690552
2024-07-25 12:45:09.417 | INFO     | __main__:loop:247 - model-6500, dice=0.633662, jac=0.463981
2024-07-25 12:45:09.423 | INFO     | __main__:loop:248 - model-6500, mAP=0.447279, F1=0.633662, MCC=0.588075, IoU=0.463981
2024-07-25 12:45:09.624 | INFO     | __main__:loop:261 - ***************save modol, iters = 6500.***************
2024-07-25 12:46:57.353 | INFO     | __main__:loop:189 - source_loss=0.0713370218873024---0.07591409236192703---0.10084227472543716---0.6969850659370422
2024-07-25 12:46:57.732 | INFO     | __main__:loop:227 - target_loss=0.0007797613507136703---0.0007341248565353453---0.6882202625274658
2024-07-25 12:48:43.034 | INFO     | __main__:loop:189 - source_loss=0.043384652584791183---0.04470743238925934---0.06637883186340332---0.6867473125457764
2024-07-25 12:48:43.421 | INFO     | __main__:loop:227 - target_loss=0.0007878349279053509---0.0007594405906274915---0.7019323110580444
2024-07-25 12:50:33.711 | INFO     | __main__:loop:189 - source_loss=0.05558585748076439---0.06031925231218338---0.10516267269849777---0.6904923915863037
2024-07-25 12:50:34.098 | INFO     | __main__:loop:227 - target_loss=0.000827717303764075---0.0008374929893761873---0.6983128786087036
2024-07-25 12:52:18.928 | INFO     | __main__:loop:189 - source_loss=0.10294954478740692---0.10874883830547333---0.2000414878129959---0.6856731176376343
2024-07-25 12:52:19.313 | INFO     | __main__:loop:227 - target_loss=0.0007731124642305076---0.0007595959468744695---0.7008904814720154
2024-07-25 12:54:04.233 | INFO     | __main__:loop:189 - source_loss=0.05077935382723808---0.07225177437067032---0.1121494397521019---0.6897995471954346
2024-07-25 12:54:04.636 | INFO     | __main__:loop:227 - target_loss=0.0007172045879997313---0.0007108988938853145---0.699021577835083
2024-07-25 12:54:24.462 | INFO     | __main__:loop:247 - model-7000, dice=0.629248, jac=0.459325
2024-07-25 12:54:24.464 | INFO     | __main__:loop:248 - model-7000, mAP=0.441771, F1=0.629248, MCC=0.582727, IoU=0.459325
2024-07-25 12:54:24.607 | INFO     | __main__:loop:261 - ***************save modol, iters = 7000.***************
2024-07-25 12:56:07.870 | INFO     | __main__:loop:189 - source_loss=0.08555226773023605---0.05373966693878174---0.12808750569820404---0.6903738379478455
2024-07-25 12:56:08.263 | INFO     | __main__:loop:227 - target_loss=0.0007081571384333074---0.0007330930093303323---0.6972548365592957
2024-07-25 12:57:56.782 | INFO     | __main__:loop:189 - source_loss=0.062141478061676025---0.1068723052740097---0.15462718904018402---0.7031631469726562
2024-07-25 12:57:57.434 | INFO     | __main__:loop:227 - target_loss=0.0007649242179468274---0.0008119369740597904---0.6865460872650146
2024-07-25 12:59:45.814 | INFO     | __main__:loop:189 - source_loss=0.05184357985854149---0.09757879376411438---0.14001627266407013---0.696556031703949
2024-07-25 12:59:47.132 | INFO     | __main__:loop:227 - target_loss=0.0009111189283430576---0.000886480207554996---0.691399097442627
2024-07-25 13:01:37.291 | INFO     | __main__:loop:189 - source_loss=0.032171741127967834---0.03461306914687157---0.0585465282201767---0.6873299479484558
2024-07-25 13:01:38.535 | INFO     | __main__:loop:227 - target_loss=0.0008534455555491149---0.000841231900267303---0.7005434036254883
2024-07-25 13:03:20.023 | INFO     | __main__:loop:189 - source_loss=0.056000083684921265---0.07397397607564926---0.1251724660396576---0.6968777179718018
2024-07-25 13:03:20.422 | INFO     | __main__:loop:227 - target_loss=0.0007909848936833441---0.000799590430688113---0.6926872730255127
2024-07-25 13:03:40.224 | INFO     | __main__:loop:247 - model-7500, dice=0.633185, jac=0.463494
2024-07-25 13:03:40.232 | INFO     | __main__:loop:248 - model-7500, mAP=0.446350, F1=0.633185, MCC=0.587184, IoU=0.463494
2024-07-25 13:03:40.666 | INFO     | __main__:loop:261 - ***************save modol, iters = 7500.***************
2024-07-25 13:05:25.085 | INFO     | __main__:loop:189 - source_loss=0.040461216121912---0.03897002711892128---0.07046054303646088---0.689622700214386
2024-07-25 13:05:25.741 | INFO     | __main__:loop:227 - target_loss=0.0007781252497807145---0.0008085774024948478---0.7010486125946045
2024-07-25 13:07:09.919 | INFO     | __main__:loop:189 - source_loss=0.06336714327335358---0.0924125611782074---0.14098544418811798---0.6933116316795349
2024-07-25 13:07:10.320 | INFO     | __main__:loop:227 - target_loss=0.0008326750830747187---0.0008402996463701129---0.696326494216919
2024-07-25 13:08:53.964 | INFO     | __main__:loop:189 - source_loss=0.0343300998210907---0.03433399274945259---0.06583726406097412---0.6936848163604736
2024-07-25 13:08:54.360 | INFO     | __main__:loop:227 - target_loss=0.0008262714254669845---0.0008239793824031949---0.6946449875831604
2024-07-25 13:10:37.268 | INFO     | __main__:loop:189 - source_loss=0.09373260289430618---0.05112121254205704---0.13241735100746155---0.682858943939209
2024-07-25 13:10:37.934 | INFO     | __main__:loop:227 - target_loss=0.000854296435136348---0.0008926327573135495---0.7063115239143372
2024-07-25 13:12:31.191 | INFO     | __main__:loop:189 - source_loss=0.031882964074611664---0.033255964517593384---0.06207750365138054---0.6926745772361755
2024-07-25 13:12:31.603 | INFO     | __main__:loop:227 - target_loss=0.0008321086643263698---0.000841800996568054---0.6975502967834473
2024-07-25 13:12:51.648 | INFO     | __main__:loop:247 - model-8000, dice=0.645488, jac=0.476693
2024-07-25 13:12:51.649 | INFO     | __main__:loop:248 - model-8000, mAP=0.458633, F1=0.645488, MCC=0.599548, IoU=0.476693
2024-07-25 13:12:51.822 | INFO     | __main__:loop:261 - ***************save modol, iters = 8000.***************
2024-07-25 13:14:39.381 | INFO     | __main__:loop:189 - source_loss=0.09675592929124832---0.08981223404407501---0.16429923474788666---0.6909600496292114
2024-07-25 13:14:39.798 | INFO     | __main__:loop:227 - target_loss=0.0007944343378767371---0.0007784229819662869---0.6989904046058655
2024-07-25 13:16:24.689 | INFO     | __main__:loop:189 - source_loss=0.0479002371430397---0.0490068681538105---0.07360386103391647---0.6934804916381836
2024-07-25 13:16:25.969 | INFO     | __main__:loop:227 - target_loss=0.0009304078994318843---0.000969438930042088---0.6929141283035278
2024-07-25 13:18:15.179 | INFO     | __main__:loop:189 - source_loss=0.07452792674303055---0.10111917555332184---0.15502505004405975---0.6912097930908203
2024-07-25 13:18:15.557 | INFO     | __main__:loop:227 - target_loss=0.0007843819912523031---0.0008014976629056036---0.6964627504348755
2024-07-25 13:19:59.004 | INFO     | __main__:loop:189 - source_loss=0.05712142959237099---0.08168983459472656---0.12503387033939362---0.6829902529716492
2024-07-25 13:19:59.668 | INFO     | __main__:loop:227 - target_loss=0.0009421469876542687---0.0009770406177267432---0.7059388160705566
2024-07-25 13:21:42.926 | INFO     | __main__:loop:189 - source_loss=0.08051746338605881---0.08754764497280121---0.169083371758461---0.6942973136901855
2024-07-25 13:21:43.635 | INFO     | __main__:loop:227 - target_loss=0.0009487093193456531---0.000926828186493367---0.6941261291503906
2024-07-25 13:22:03.846 | INFO     | __main__:loop:247 - model-8500, dice=0.632851, jac=0.463076
2024-07-25 13:22:03.848 | INFO     | __main__:loop:248 - model-8500, mAP=0.445423, F1=0.632851, MCC=0.586394, IoU=0.463076
2024-07-25 13:22:04.024 | INFO     | __main__:loop:261 - ***************save modol, iters = 8500.***************
2024-07-25 13:23:52.950 | INFO     | __main__:loop:189 - source_loss=0.03562595695257187---0.03605189546942711---0.05993923172354698---0.7018846869468689
2024-07-25 13:23:53.659 | INFO     | __main__:loop:227 - target_loss=0.0008806961704976857---0.0009295979980379343---0.688331663608551
2024-07-25 13:25:38.975 | INFO     | __main__:loop:189 - source_loss=0.047964781522750854---0.04760253429412842---0.0746033564209938---0.683716356754303
2024-07-25 13:25:39.360 | INFO     | __main__:loop:227 - target_loss=0.0008813046733848751---0.0008971768547780812---0.7053369283676147
2024-07-25 13:27:25.364 | INFO     | __main__:loop:189 - source_loss=0.038118403404951096---0.040949299931526184---0.06371687352657318---0.6870960593223572
2024-07-25 13:27:25.762 | INFO     | __main__:loop:227 - target_loss=0.0008700830512680113---0.0008592595113441348---0.7014133930206299
2024-07-25 13:29:16.591 | INFO     | __main__:loop:189 - source_loss=0.08689624071121216---0.06556855142116547---0.1398586481809616---0.6926213502883911
2024-07-25 13:29:17.159 | INFO     | __main__:loop:227 - target_loss=0.0009486981434747577---0.0009592829737812281---0.6960740089416504
2024-07-25 13:30:59.892 | INFO     | __main__:loop:189 - source_loss=0.04154876992106438---0.0376865454018116---0.06838785111904144---0.6876567602157593
2024-07-25 13:31:00.268 | INFO     | __main__:loop:227 - target_loss=0.0009525869973003864---0.0009793996578082442---0.7021657228469849
2024-07-25 13:31:19.933 | INFO     | __main__:loop:247 - model-9000, dice=0.626831, jac=0.456777
2024-07-25 13:31:19.935 | INFO     | __main__:loop:248 - model-9000, mAP=0.440985, F1=0.626831, MCC=0.581668, IoU=0.456777
2024-07-25 13:31:20.096 | INFO     | __main__:loop:261 - ***************save modol, iters = 9000.***************
2024-07-25 13:33:04.687 | INFO     | __main__:loop:189 - source_loss=0.05607385188341141---0.08435238897800446---0.13906601071357727---0.6939566135406494
2024-07-25 13:33:05.104 | INFO     | __main__:loop:227 - target_loss=0.0010832685511559248---0.0010815693531185389---0.6956419348716736
2024-07-25 13:34:48.659 | INFO     | __main__:loop:189 - source_loss=0.04713821038603783---0.08307133615016937---0.11878912150859833---0.6945137977600098
2024-07-25 13:34:49.049 | INFO     | __main__:loop:227 - target_loss=0.0010018766624853015---0.0010212432825937867---0.6938511729240417
2024-07-25 13:36:42.204 | INFO     | __main__:loop:189 - source_loss=0.07821120321750641---0.11824735254049301---0.19717498123645782---0.6920228004455566
2024-07-25 13:36:42.849 | INFO     | __main__:loop:227 - target_loss=0.0010243887081742287---0.001035624067299068---0.6945332288742065
2024-07-25 13:38:30.575 | INFO     | __main__:loop:189 - source_loss=0.07064875215291977---0.05057393014431---0.12432685494422913---0.6931029558181763
2024-07-25 13:38:31.518 | INFO     | __main__:loop:227 - target_loss=0.0011167807970196009---0.0011373667512089014---0.6970430612564087
2024-07-25 13:40:18.219 | INFO     | __main__:loop:189 - source_loss=0.04264388978481293---0.04290226846933365---0.06872272491455078---0.6952593922615051
2024-07-25 13:40:18.626 | INFO     | __main__:loop:227 - target_loss=0.0010070656426250935---0.00103573699016124---0.6907840967178345
2024-07-25 13:40:38.486 | INFO     | __main__:loop:247 - model-9500, dice=0.635959, jac=0.466414
2024-07-25 13:40:38.488 | INFO     | __main__:loop:248 - model-9500, mAP=0.448173, F1=0.635959, MCC=0.589295, IoU=0.466414
2024-07-25 13:40:38.635 | INFO     | __main__:loop:261 - ***************save modol, iters = 9500.***************
2024-07-25 13:42:19.252 | INFO     | __main__:loop:189 - source_loss=0.04042283445596695---0.0385771207511425---0.06610196083784103---0.6990118026733398
2024-07-25 13:42:19.624 | INFO     | __main__:loop:227 - target_loss=0.0010835727443918586---0.0010601563844829798---0.6922489404678345
2024-07-25 13:44:01.640 | INFO     | __main__:loop:189 - source_loss=0.04411851987242699---0.052977949380874634---0.09736175090074539---0.6824843883514404
2024-07-25 13:44:02.019 | INFO     | __main__:loop:227 - target_loss=0.001069580321200192---0.0010574194602668285---0.706226110458374
2024-07-25 13:45:50.668 | INFO     | __main__:loop:189 - source_loss=0.04714762046933174---0.03839759901165962---0.07786615192890167---0.6921983957290649
2024-07-25 13:45:51.050 | INFO     | __main__:loop:227 - target_loss=0.0011177014093846083---0.0011305545922368765---0.6967806220054626
2024-07-25 13:47:37.895 | INFO     | __main__:loop:189 - source_loss=0.030095184221863747---0.028475046157836914---0.05226309224963188---0.694658637046814
2024-07-25 13:47:38.740 | INFO     | __main__:loop:227 - target_loss=0.0011398876085877419---0.001143874367699027---0.6926039457321167
2024-07-25 13:49:19.839 | INFO     | __main__:loop:189 - source_loss=0.05095883086323738---0.03671532869338989---0.08696246892213821---0.6941794157028198
2024-07-25 13:49:20.255 | INFO     | __main__:loop:227 - target_loss=0.0011313589056953788---0.0011426600394770503---0.694019079208374
2024-07-25 13:49:39.836 | INFO     | __main__:loop:247 - model-10000, dice=0.647724, jac=0.479166
2024-07-25 13:49:39.838 | INFO     | __main__:loop:248 - model-10000, mAP=0.460962, F1=0.647724, MCC=0.601843, IoU=0.479166
2024-07-25 13:49:39.997 | INFO     | __main__:loop:261 - ***************save modol, iters = 10000.***************
2024-07-25 13:51:22.257 | INFO     | __main__:loop:189 - source_loss=0.039801109582185745---0.04196235537528992---0.06171438470482826---0.7015343308448792
2024-07-25 13:51:22.638 | INFO     | __main__:loop:227 - target_loss=0.001152427983470261---0.0011283522471785545---0.687717854976654
