/var/spool/slurmd/job241689/slurm_script: line 11: cd: /storage/zhangfa1/wxs/image: No such file or directory
2024-07-24 15:32:04.677 | INFO     | __main__:<module>:274 - cfg_file: patient1_config.yaml
2024-07-24 15:32:04.713 | INFO     | __main__:<module>:285 - time stamp:
2024-07-24 15:32:04.714 | INFO     | __main__:init_project:29 - Initialization ... 
2024-07-24 15:32:04.898 | INFO     | __main__:init_project:57 - Done (time: 0.18s)
2024-07-24 15:32:04.898 | INFO     | __main__:load_dataset:61 - Caching datasets ... 
2024-07-24 15:32:04.907 | INFO     | __main__:load_dataset:80 - Done (time: 0.01s)
2024-07-24 15:32:04.907 | INFO     | __main__:build_model:84 - Building model on 
2024-07-24 15:32:07.408 | INFO     | __main__:build_model:90 - Done (time: 2.50s)
2024-07-24 15:32:18.391 | INFO     | __main__:loop:189 - source_loss=0.6286166906356812---0.852412223815918---0.6540998816490173---0.7276298403739929
2024-07-24 15:32:18.864 | INFO     | __main__:loop:227 - target_loss=0.0005026794970035553---0.0005151877412572503---0.6512603759765625
2024-07-24 15:32:49.183 | INFO     | __main__:loop:247 - model-1, dice=0.206242, jac=0.115034
2024-07-24 15:32:49.185 | INFO     | __main__:loop:248 - model-1, mAP=0.115411, F1=0.206242, MCC=0.093888, IoU=0.115034
2024-07-24 15:34:41.559 | INFO     | __main__:loop:189 - source_loss=0.2256607860326767---0.2524304986000061---0.2929683327674866---0.6838093996047974
2024-07-24 15:34:41.951 | INFO     | __main__:loop:227 - target_loss=0.00012394315854180604---0.00014784793893340975---0.7090819478034973
2024-07-24 15:36:25.381 | INFO     | __main__:loop:189 - source_loss=0.16131143271923065---0.15617793798446655---0.21114477515220642---0.7877647876739502
2024-07-24 15:36:26.211 | INFO     | __main__:loop:227 - target_loss=0.00016604308621026576---0.0001694416132522747---0.7872918844223022
2024-07-24 15:38:12.876 | INFO     | __main__:loop:189 - source_loss=0.14354784786701202---0.15227043628692627---0.2352311760187149---0.7184369564056396
2024-07-24 15:38:13.561 | INFO     | __main__:loop:227 - target_loss=0.00011633434041868895---0.0001317907008342445---0.8246203660964966
2024-07-24 15:40:04.187 | INFO     | __main__:loop:189 - source_loss=0.15422698855400085---0.15303902328014374---0.20403319597244263---0.7311829328536987
2024-07-24 15:40:04.542 | INFO     | __main__:loop:227 - target_loss=0.0001103781905840151---0.00010968156129820272---0.7377488613128662
2024-07-24 15:42:00.233 | INFO     | __main__:loop:189 - source_loss=0.13834339380264282---0.14481478929519653---0.20424680411815643---0.767418622970581
2024-07-24 15:42:00.906 | INFO     | __main__:loop:227 - target_loss=0.00011911313777090982---0.00011303736391710117---0.7683073878288269
2024-07-24 15:42:20.252 | INFO     | __main__:loop:247 - model-500, dice=0.763609, jac=0.617927
2024-07-24 15:42:20.254 | INFO     | __main__:loop:248 - model-500, mAP=0.612366, F1=0.763609, MCC=0.738906, IoU=0.617927
2024-07-24 15:42:20.412 | INFO     | __main__:loop:261 - ***************save modol, iters = 500.***************
2024-07-24 15:44:01.717 | INFO     | __main__:loop:189 - source_loss=0.12453603744506836---0.1289021521806717---0.12363962084054947---0.6739591360092163
2024-07-24 15:44:02.116 | INFO     | __main__:loop:227 - target_loss=0.00011848236317746341---0.00011988160258624703---0.7354595065116882
2024-07-24 15:45:49.892 | INFO     | __main__:loop:189 - source_loss=0.16417808830738068---0.17454853653907776---0.23245471715927124---0.7006274461746216
2024-07-24 15:45:50.761 | INFO     | __main__:loop:227 - target_loss=0.0001098642751458101---0.00010982870298903435---0.6707193851470947
2024-07-24 15:47:32.278 | INFO     | __main__:loop:189 - source_loss=0.11852733045816422---0.12388740479946136---0.19014020264148712---0.8279309272766113
2024-07-24 15:47:32.660 | INFO     | __main__:loop:227 - target_loss=0.00010463337093824521---0.00010296828986611217---0.6732864379882812
2024-07-24 15:49:16.986 | INFO     | __main__:loop:189 - source_loss=0.10632430762052536---0.10410469770431519---0.14047086238861084---0.7057018280029297
2024-07-24 15:49:17.532 | INFO     | __main__:loop:227 - target_loss=0.00010864962678169832---0.0001065106043824926---0.7072180509567261
2024-07-24 15:51:04.862 | INFO     | __main__:loop:189 - source_loss=0.1251492202281952---0.1313895881175995---0.11175975203514099---0.7042317986488342
2024-07-24 15:51:05.230 | INFO     | __main__:loop:227 - target_loss=6.739242962794378e-05---6.793081411160529e-05---0.6828842163085938
2024-07-24 15:51:24.405 | INFO     | __main__:loop:247 - model-1000, dice=0.774039, jac=0.631762
2024-07-24 15:51:24.406 | INFO     | __main__:loop:248 - model-1000, mAP=0.628530, F1=0.774039, MCC=0.750974, IoU=0.631762
2024-07-24 15:51:24.571 | INFO     | __main__:loop:261 - ***************save modol, iters = 1000.***************
2024-07-24 15:53:01.691 | INFO     | __main__:loop:189 - source_loss=0.11729980260133743---0.11875158548355103---0.11819083243608475---0.7227055430412292
2024-07-24 15:53:02.082 | INFO     | __main__:loop:227 - target_loss=7.115433982107788e-05---6.929162191227078e-05---0.6768921613693237
2024-07-24 15:54:50.961 | INFO     | __main__:loop:189 - source_loss=0.1083429679274559---0.10793161392211914---0.09469187259674072---0.7495555877685547
2024-07-24 15:54:51.354 | INFO     | __main__:loop:227 - target_loss=0.00012127402442274615---0.00011998350964859128---0.6923959255218506
2024-07-24 15:56:43.804 | INFO     | __main__:loop:189 - source_loss=0.10691516101360321---0.10962530225515366---0.09541410207748413---0.6979899406433105
2024-07-24 15:56:45.064 | INFO     | __main__:loop:227 - target_loss=0.0002012740878853947---0.00020790718554053456---0.6947495937347412
2024-07-24 15:58:32.210 | INFO     | __main__:loop:189 - source_loss=0.10546331852674484---0.10634295642375946---0.11593478918075562---0.7038465738296509
2024-07-24 15:58:32.609 | INFO     | __main__:loop:227 - target_loss=0.00011341939534759149---0.0001153692282969132---0.6903642416000366
2024-07-24 16:00:18.293 | INFO     | __main__:loop:189 - source_loss=0.12339427322149277---0.1228170394897461---0.1948847472667694---0.6845115423202515
2024-07-24 16:00:18.664 | INFO     | __main__:loop:227 - target_loss=7.317376002902165e-05---7.091634324751794e-05---0.704838752746582
2024-07-24 16:00:38.911 | INFO     | __main__:loop:247 - model-1500, dice=0.778075, jac=0.637362
2024-07-24 16:00:38.913 | INFO     | __main__:loop:248 - model-1500, mAP=0.628680, F1=0.778075, MCC=0.752712, IoU=0.637362
2024-07-24 16:00:39.125 | INFO     | __main__:loop:261 - ***************save modol, iters = 1500.***************
2024-07-24 16:02:23.070 | INFO     | __main__:loop:189 - source_loss=0.13142935931682587---0.13391394913196564---0.2223004400730133---0.7180317640304565
2024-07-24 16:02:23.459 | INFO     | __main__:loop:227 - target_loss=7.47032681829296e-05---7.24788405932486e-05---0.6985386610031128
2024-07-24 16:04:11.089 | INFO     | __main__:loop:189 - source_loss=0.11108306795358658---0.11461687088012695---0.12447093427181244---0.7056856751441956
2024-07-24 16:04:11.463 | INFO     | __main__:loop:227 - target_loss=8.564961171941832e-05---9.39758465392515e-05---0.6935166120529175
2024-07-24 16:05:57.950 | INFO     | __main__:loop:189 - source_loss=0.09160461276769638---0.0995524451136589---0.13831055164337158---0.6931545734405518
2024-07-24 16:05:58.363 | INFO     | __main__:loop:227 - target_loss=0.00014106121670920402---0.00013659504475072026---0.6997387409210205
2024-07-24 16:07:42.600 | INFO     | __main__:loop:189 - source_loss=0.07884303480386734---0.07897597551345825---0.09519697725772858---0.6916019916534424
2024-07-24 16:07:42.973 | INFO     | __main__:loop:227 - target_loss=0.00012977651203982532---0.00013133406173437834---0.6921426057815552
2024-07-24 16:09:30.649 | INFO     | __main__:loop:189 - source_loss=0.10214772820472717---0.10219771414995193---0.1541476845741272---0.7112025022506714
2024-07-24 16:09:31.041 | INFO     | __main__:loop:227 - target_loss=7.823769556125626e-05---7.982259558048099e-05---0.6864618062973022
2024-07-24 16:09:51.012 | INFO     | __main__:loop:247 - model-2000, dice=0.769580, jac=0.625841
2024-07-24 16:09:51.015 | INFO     | __main__:loop:248 - model-2000, mAP=0.615210, F1=0.769580, MCC=0.742946, IoU=0.625841
2024-07-24 16:09:51.284 | INFO     | __main__:loop:261 - ***************save modol, iters = 2000.***************
2024-07-24 16:11:40.944 | INFO     | __main__:loop:189 - source_loss=0.06772970408201218---0.06996341049671173---0.07909978926181793---0.7053411602973938
2024-07-24 16:11:41.337 | INFO     | __main__:loop:227 - target_loss=0.0001497823977842927---0.00015813615755178034---0.7045605182647705
2024-07-24 16:13:27.973 | INFO     | __main__:loop:189 - source_loss=0.11112761497497559---0.10285317152738571---0.18216019868850708---0.6927787065505981
2024-07-24 16:13:28.356 | INFO     | __main__:loop:227 - target_loss=0.00012566774967126548---0.00012270663864910603---0.7065037488937378
2024-07-24 16:15:11.358 | INFO     | __main__:loop:189 - source_loss=0.11085288226604462---0.14816470444202423---0.19391515851020813---0.7013758420944214
2024-07-24 16:15:11.764 | INFO     | __main__:loop:227 - target_loss=7.096340414136648e-05---7.194720819825307e-05---0.6859180927276611
2024-07-24 16:17:00.013 | INFO     | __main__:loop:189 - source_loss=0.11068962514400482---0.10143764317035675---0.18590301275253296---0.6965006589889526
2024-07-24 16:17:00.386 | INFO     | __main__:loop:227 - target_loss=0.00017241144087165594---0.00019214279018342495---0.6967251300811768
2024-07-24 16:18:47.042 | INFO     | __main__:loop:189 - source_loss=0.134854257106781---0.13055534660816193---0.1954948604106903---0.7084758281707764
2024-07-24 16:18:47.410 | INFO     | __main__:loop:227 - target_loss=0.00014349294360727072---0.0001393788115819916---0.6804260611534119
2024-07-24 16:19:08.420 | INFO     | __main__:loop:247 - model-2500, dice=0.775112, jac=0.633282
2024-07-24 16:19:08.422 | INFO     | __main__:loop:248 - model-2500, mAP=0.626716, F1=0.775112, MCC=0.750431, IoU=0.633282
2024-07-24 16:19:08.577 | INFO     | __main__:loop:261 - ***************save modol, iters = 2500.***************
2024-07-24 16:20:56.061 | INFO     | __main__:loop:189 - source_loss=0.10145722329616547---0.09718561172485352---0.15161530673503876---0.7033896446228027
2024-07-24 16:20:56.752 | INFO     | __main__:loop:227 - target_loss=0.00016318558482453227---0.0001572423061588779---0.6883302330970764
2024-07-24 16:22:45.462 | INFO     | __main__:loop:189 - source_loss=0.08670561760663986---0.07962913066148758---0.13134980201721191---0.6969640254974365
2024-07-24 16:22:45.838 | INFO     | __main__:loop:227 - target_loss=7.893147994764149e-05---8.142367732943967e-05---0.6957340836524963
2024-07-24 16:24:33.398 | INFO     | __main__:loop:189 - source_loss=0.11265672743320465---0.09924206882715225---0.20921139419078827---0.7013357877731323
2024-07-24 16:24:33.784 | INFO     | __main__:loop:227 - target_loss=8.039790554903448e-05---7.91260099504143e-05---0.6886869072914124
2024-07-24 16:26:21.417 | INFO     | __main__:loop:189 - source_loss=0.1301342099905014---0.12540693581104279---0.23389792442321777---0.6967428922653198
2024-07-24 16:26:22.729 | INFO     | __main__:loop:227 - target_loss=0.00021994356939103454---0.00021245694370009005---0.6922570466995239
2024-07-24 16:28:08.770 | INFO     | __main__:loop:189 - source_loss=0.10199613869190216---0.11359625309705734---0.18082350492477417---0.696210503578186
2024-07-24 16:28:09.410 | INFO     | __main__:loop:227 - target_loss=0.00018270069267600775---0.00017633089737500995---0.6927359104156494
2024-07-24 16:28:30.044 | INFO     | __main__:loop:247 - model-3000, dice=0.772503, jac=0.629681
2024-07-24 16:28:30.046 | INFO     | __main__:loop:248 - model-3000, mAP=0.618637, F1=0.772503, MCC=0.746156, IoU=0.629681
2024-07-24 16:28:30.214 | INFO     | __main__:loop:261 - ***************save modol, iters = 3000.***************
2024-07-24 16:30:18.595 | INFO     | __main__:loop:189 - source_loss=0.07689949870109558---0.07624859362840652---0.09180690348148346---0.7034096121788025
2024-07-24 16:30:18.985 | INFO     | __main__:loop:227 - target_loss=0.00018563505727797747---0.00018927596102003008---0.6886745095252991
2024-07-24 16:32:06.561 | INFO     | __main__:loop:189 - source_loss=0.09412099421024323---0.11830765008926392---0.1748778074979782---0.6963218450546265
2024-07-24 16:32:06.945 | INFO     | __main__:loop:227 - target_loss=0.0001815275609260425---0.00019517760665621608---0.6982059478759766
2024-07-24 16:33:51.452 | INFO     | __main__:loop:189 - source_loss=0.1408972293138504---0.11930864304304123---0.23173029720783234---0.6878790259361267
2024-07-24 16:33:51.842 | INFO     | __main__:loop:227 - target_loss=0.0002163973986171186---0.00020528363529592752---0.7047873735427856
2024-07-24 16:35:37.662 | INFO     | __main__:loop:189 - source_loss=0.06380591541528702---0.061445098370313644---0.09270616620779037---0.7071247100830078
2024-07-24 16:35:38.047 | INFO     | __main__:loop:227 - target_loss=9.54735151026398e-05---9.516709542367607e-05---0.6910659074783325
2024-07-24 16:37:29.195 | INFO     | __main__:loop:189 - source_loss=0.09519513696432114---0.10900728404521942---0.2073575258255005---0.6905710697174072
2024-07-24 16:37:29.618 | INFO     | __main__:loop:227 - target_loss=9.541238978272304e-05---9.565857908455655e-05---0.7050442695617676
2024-07-24 16:37:49.629 | INFO     | __main__:loop:247 - model-3500, dice=0.769402, jac=0.625609
2024-07-24 16:37:49.631 | INFO     | __main__:loop:248 - model-3500, mAP=0.613587, F1=0.769402, MCC=0.742905, IoU=0.625609
2024-07-24 16:37:49.804 | INFO     | __main__:loop:261 - ***************save modol, iters = 3500.***************
2024-07-24 16:39:33.103 | INFO     | __main__:loop:189 - source_loss=0.0632927417755127---0.06153681129217148---0.08911748975515366---0.7059189081192017
2024-07-24 16:39:33.507 | INFO     | __main__:loop:227 - target_loss=0.0001974681654246524---0.0001805102510843426---0.6863335371017456
2024-07-24 16:41:18.487 | INFO     | __main__:loop:189 - source_loss=0.08276074379682541---0.06588219106197357---0.13338644802570343---0.7075209021568298
2024-07-24 16:41:18.883 | INFO     | __main__:loop:227 - target_loss=0.00023790022532921284---0.00023476644128095359---0.6833986043930054
2024-07-24 16:43:04.254 | INFO     | __main__:loop:189 - source_loss=0.09149233251810074---0.0877799391746521---0.19152577221393585---0.6977441310882568
2024-07-24 16:43:04.644 | INFO     | __main__:loop:227 - target_loss=0.00010139279766008258---0.00010119111539097503---0.6973701119422913
2024-07-24 16:44:54.381 | INFO     | __main__:loop:189 - source_loss=0.13458050787448883---0.150783509016037---0.25575533509254456---0.6920857429504395
2024-07-24 16:44:54.765 | INFO     | __main__:loop:227 - target_loss=0.00010098165512317792---0.00010136614582734182---0.6922887563705444
2024-07-24 16:46:39.797 | INFO     | __main__:loop:189 - source_loss=0.04974839836359024---0.057121019810438156---0.11445242911577225---0.6932057738304138
2024-07-24 16:46:40.456 | INFO     | __main__:loop:227 - target_loss=0.00024896307149901986---0.00024820014368742704---0.6941275596618652
2024-07-24 16:47:00.110 | INFO     | __main__:loop:247 - model-4000, dice=0.765713, jac=0.620815
2024-07-24 16:47:00.112 | INFO     | __main__:loop:248 - model-4000, mAP=0.608073, F1=0.765713, MCC=0.739127, IoU=0.620815
2024-07-24 16:47:00.275 | INFO     | __main__:loop:261 - ***************save modol, iters = 4000.***************
2024-07-24 16:48:50.226 | INFO     | __main__:loop:189 - source_loss=0.08472073078155518---0.0850643515586853---0.15722177922725677---0.6974859237670898
2024-07-24 16:48:50.593 | INFO     | __main__:loop:227 - target_loss=0.00011985762102995068---0.0001197587262140587---0.6898403167724609
2024-07-24 16:50:41.016 | INFO     | __main__:loop:189 - source_loss=0.051717765629291534---0.05225825682282448---0.07875154167413712---0.7001612186431885
2024-07-24 16:50:41.420 | INFO     | __main__:loop:227 - target_loss=9.338413656223565e-05---9.543484338792041e-05---0.6862672567367554
2024-07-24 16:52:28.137 | INFO     | __main__:loop:189 - source_loss=0.07465815544128418---0.09243571758270264---0.15436609089374542---0.6832938194274902
2024-07-24 16:52:28.525 | INFO     | __main__:loop:227 - target_loss=0.0001084254909073934---0.00010684619337553158---0.7096800804138184
2024-07-24 16:54:14.136 | INFO     | __main__:loop:189 - source_loss=0.10096872597932816---0.11855476349592209---0.1756216138601303---0.6934483051300049
2024-07-24 16:54:14.515 | INFO     | __main__:loop:227 - target_loss=0.00012053681712131947---0.00012022468581562862---0.6939676403999329
2024-07-24 16:56:02.737 | INFO     | __main__:loop:189 - source_loss=0.1049453392624855---0.07931120693683624---0.15058566629886627---0.701316237449646
2024-07-24 16:56:03.119 | INFO     | __main__:loop:227 - target_loss=0.00012090110976714641---0.00012175951269455254---0.6897270679473877
2024-07-24 16:56:22.938 | INFO     | __main__:loop:247 - model-4500, dice=0.773439, jac=0.630911
2024-07-24 16:56:22.939 | INFO     | __main__:loop:248 - model-4500, mAP=0.620992, F1=0.773439, MCC=0.747338, IoU=0.630911
2024-07-24 16:56:23.191 | INFO     | __main__:loop:261 - ***************save modol, iters = 4500.***************
2024-07-24 16:58:12.397 | INFO     | __main__:loop:189 - source_loss=0.06132221594452858---0.06228489428758621---0.09607502073049545---0.701309084892273
2024-07-24 16:58:12.799 | INFO     | __main__:loop:227 - target_loss=0.00010558394569670781---0.00010550019214861095---0.6884980201721191
2024-07-24 17:00:03.810 | INFO     | __main__:loop:189 - source_loss=0.054550494998693466---0.05622566491365433---0.08641117811203003---0.7005636692047119
2024-07-24 17:00:04.192 | INFO     | __main__:loop:227 - target_loss=0.00028276100056245923---0.00029371987329795957---0.6876786947250366
2024-07-24 17:01:50.043 | INFO     | __main__:loop:189 - source_loss=0.06923285871744156---0.0630815178155899---0.1152743250131607---0.6887833476066589
2024-07-24 17:01:50.412 | INFO     | __main__:loop:227 - target_loss=9.764996502781287e-05---0.00010031848796643317---0.6994994878768921
2024-07-24 17:03:38.147 | INFO     | __main__:loop:189 - source_loss=0.06296297162771225---0.06362246721982956---0.1305590122938156---0.6975057125091553
2024-07-24 17:03:38.523 | INFO     | __main__:loop:227 - target_loss=0.00017749024846125394---0.000188242134754546---0.6912914514541626
2024-07-24 17:05:21.742 | INFO     | __main__:loop:189 - source_loss=0.06371680647134781---0.05884085223078728---0.12593023478984833---0.6800875663757324
2024-07-24 17:05:22.136 | INFO     | __main__:loop:227 - target_loss=0.00014031484897714108---0.0001386390795232728---0.7104545831680298
2024-07-24 17:05:42.980 | INFO     | __main__:loop:247 - model-5000, dice=0.770737, jac=0.627374
2024-07-24 17:05:42.981 | INFO     | __main__:loop:248 - model-5000, mAP=0.615198, F1=0.770737, MCC=0.744955, IoU=0.627374
2024-07-24 17:05:43.137 | INFO     | __main__:loop:261 - ***************save modol, iters = 5000.***************
2024-07-24 17:07:25.490 | INFO     | __main__:loop:189 - source_loss=0.061499305069446564---0.06527964770793915---0.09498380869626999---0.6976184248924255
2024-07-24 17:07:25.856 | INFO     | __main__:loop:227 - target_loss=0.00025411503156647086---0.00025620695669203997---0.6922929883003235
2024-07-24 17:09:13.582 | INFO     | __main__:loop:189 - source_loss=0.098506860435009---0.09846789389848709---0.15764345228672028---0.6997979283332825
2024-07-24 17:09:13.959 | INFO     | __main__:loop:227 - target_loss=0.00014942148118279874---0.00014439524966292083---0.691299319267273
2024-07-24 17:11:05.124 | INFO     | __main__:loop:189 - source_loss=0.12676769495010376---0.10614688694477081---0.2101079523563385---0.6904415488243103
2024-07-24 17:11:05.530 | INFO     | __main__:loop:227 - target_loss=0.0001419239561073482---0.0001406138762831688---0.7004387378692627
2024-07-24 17:12:52.889 | INFO     | __main__:loop:189 - source_loss=0.0942559689283371---0.07668135315179825---0.14838622510433197---0.6875925660133362
2024-07-24 17:12:54.358 | INFO     | __main__:loop:227 - target_loss=0.00038357218727469444---0.00038696351111866534---0.7044180631637573
2024-07-24 17:14:41.085 | INFO     | __main__:loop:189 - source_loss=0.08574159443378448---0.1025194451212883---0.16129420697689056---0.6908018589019775
2024-07-24 17:14:41.508 | INFO     | __main__:loop:227 - target_loss=0.00032913577160798013---0.0002941555867437273---0.7012591361999512
2024-07-24 17:15:02.057 | INFO     | __main__:loop:247 - model-5500, dice=0.765954, jac=0.621124
2024-07-24 17:15:02.059 | INFO     | __main__:loop:248 - model-5500, mAP=0.608384, F1=0.765954, MCC=0.739429, IoU=0.621124
2024-07-24 17:15:02.311 | INFO     | __main__:loop:261 - ***************save modol, iters = 5500.***************
2024-07-24 17:16:59.199 | INFO     | __main__:loop:189 - source_loss=0.06725773215293884---0.08581177145242691---0.13032467663288116---0.6956917643547058
2024-07-24 17:16:59.591 | INFO     | __main__:loop:227 - target_loss=0.00030642846832051873---0.0002908667374867946---0.6929315328598022
2024-07-24 17:18:47.409 | INFO     | __main__:loop:189 - source_loss=0.06477810442447662---0.06375183910131454---0.08952083438634872---0.7021896839141846
2024-07-24 17:18:48.092 | INFO     | __main__:loop:227 - target_loss=0.0002805687836371362---0.00025886387447826564---0.6876915693283081
2024-07-24 17:20:34.294 | INFO     | __main__:loop:189 - source_loss=0.05623787268996239---0.05796993523836136---0.09438332170248032---0.689976155757904
2024-07-24 17:20:34.955 | INFO     | __main__:loop:227 - target_loss=0.00027763043181039393---0.0002671659749466926---0.6998766660690308
2024-07-24 17:22:21.734 | INFO     | __main__:loop:189 - source_loss=0.053641725331544876---0.0472288616001606---0.10494581609964371---0.6902464628219604
2024-07-24 17:22:22.130 | INFO     | __main__:loop:227 - target_loss=0.00015602436906192452---0.00015950429951772094---0.6980348825454712
2024-07-24 17:24:07.385 | INFO     | __main__:loop:189 - source_loss=0.09257117658853531---0.08783382177352905---0.15878501534461975---0.6995736360549927
2024-07-24 17:24:07.756 | INFO     | __main__:loop:227 - target_loss=0.00017158426635432988---0.00016864943609107286---0.6868026256561279
2024-07-24 17:24:27.567 | INFO     | __main__:loop:247 - model-6000, dice=0.768475, jac=0.624393
2024-07-24 17:24:27.568 | INFO     | __main__:loop:248 - model-6000, mAP=0.612093, F1=0.768475, MCC=0.742077, IoU=0.624393
2024-07-24 17:24:27.730 | INFO     | __main__:loop:261 - ***************save modol, iters = 6000.***************
2024-07-24 17:26:12.161 | INFO     | __main__:loop:189 - source_loss=0.05247718468308449---0.0514792799949646---0.08651206642389297---0.6935560703277588
2024-07-24 17:26:12.546 | INFO     | __main__:loop:227 - target_loss=0.0001824092905735597---0.0001807446387829259---0.6944664716720581
2024-07-24 17:28:05.053 | INFO     | __main__:loop:189 - source_loss=0.05248680338263512---0.055545415729284286---0.08137442916631699---0.6978713274002075
2024-07-24 17:28:05.433 | INFO     | __main__:loop:227 - target_loss=0.00018949208606500179---0.00017775286687538028---0.6927182078361511
2024-07-24 17:29:50.260 | INFO     | __main__:loop:189 - source_loss=0.06713077425956726---0.08247137814760208---0.12181553989648819---0.6820214986801147
2024-07-24 17:29:50.671 | INFO     | __main__:loop:227 - target_loss=0.00016826890350785106---0.00016417638107668608---0.7097384929656982
2024-07-24 17:31:36.576 | INFO     | __main__:loop:189 - source_loss=0.05624006316065788---0.05179308354854584---0.09275664389133453---0.7053338885307312
2024-07-24 17:31:36.955 | INFO     | __main__:loop:227 - target_loss=0.00026478414656594396---0.0002970352361444384---0.6848715543746948
2024-07-24 17:33:19.432 | INFO     | __main__:loop:189 - source_loss=0.044107165187597275---0.047137532383203506---0.07550691813230515---0.6891331672668457
2024-07-24 17:33:19.828 | INFO     | __main__:loop:227 - target_loss=0.0002118432312272489---0.00023288297234103084---0.7019469738006592
2024-07-24 17:33:39.848 | INFO     | __main__:loop:247 - model-6500, dice=0.768279, jac=0.624128
2024-07-24 17:33:39.850 | INFO     | __main__:loop:248 - model-6500, mAP=0.611881, F1=0.768279, MCC=0.741719, IoU=0.624128
2024-07-24 17:33:40.032 | INFO     | __main__:loop:261 - ***************save modol, iters = 6500.***************
2024-07-24 17:35:29.215 | INFO     | __main__:loop:189 - source_loss=0.07015618681907654---0.07513678073883057---0.1005106270313263---0.7016581296920776
2024-07-24 17:35:29.603 | INFO     | __main__:loop:227 - target_loss=0.000457743473816663---0.0004273362283129245---0.6857566833496094
2024-07-24 17:37:15.692 | INFO     | __main__:loop:189 - source_loss=0.043187592178583145---0.044865068048238754---0.06555541604757309---0.6857406497001648
2024-07-24 17:37:16.095 | INFO     | __main__:loop:227 - target_loss=0.00020416553888935596---0.0002127835323335603---0.7027096748352051
2024-07-24 17:39:07.657 | INFO     | __main__:loop:189 - source_loss=0.054142627865076065---0.05783112347126007---0.10455844551324844---0.6786710023880005
2024-07-24 17:39:08.075 | INFO     | __main__:loop:227 - target_loss=0.00036682162317447364---0.00040915602585300803---0.709233820438385
2024-07-24 17:40:54.436 | INFO     | __main__:loop:189 - source_loss=0.10369543731212616---0.1085929423570633---0.19822876155376434---0.6849795579910278
2024-07-24 17:40:54.846 | INFO     | __main__:loop:227 - target_loss=0.0002480749099049717---0.00026798760518431664---0.7039452195167542
2024-07-24 17:42:41.108 | INFO     | __main__:loop:189 - source_loss=0.050715651363134384---0.06854502856731415---0.11151375621557236---0.6944140195846558
2024-07-24 17:42:41.508 | INFO     | __main__:loop:227 - target_loss=0.0002100134443026036---0.00021151192777324468---0.6924512386322021
2024-07-24 17:43:01.638 | INFO     | __main__:loop:247 - model-7000, dice=0.767670, jac=0.623321
2024-07-24 17:43:01.640 | INFO     | __main__:loop:248 - model-7000, mAP=0.610858, F1=0.767670, MCC=0.741198, IoU=0.623321
2024-07-24 17:43:01.797 | INFO     | __main__:loop:261 - ***************save modol, iters = 7000.***************
2024-07-24 17:44:46.232 | INFO     | __main__:loop:189 - source_loss=0.08610141277313232---0.05549580231308937---0.1272251456975937---0.6942554712295532
2024-07-24 17:44:46.624 | INFO     | __main__:loop:227 - target_loss=0.000219330468098633---0.00022849485685583204---0.6949055790901184
2024-07-24 17:46:36.324 | INFO     | __main__:loop:189 - source_loss=0.06221954524517059---0.10841172188520432---0.15636137127876282---0.6953445672988892
2024-07-24 17:46:36.934 | INFO     | __main__:loop:227 - target_loss=0.00040177791379392147---0.00038572566700167954---0.6949321627616882
2024-07-24 17:48:26.536 | INFO     | __main__:loop:189 - source_loss=0.05154317617416382---0.09788830578327179---0.13934080302715302---0.7035415172576904
2024-07-24 17:48:28.031 | INFO     | __main__:loop:227 - target_loss=0.0005095151136629283---0.0005260573234409094---0.6837060451507568
2024-07-24 17:50:20.356 | INFO     | __main__:loop:189 - source_loss=0.032662294805049896---0.03509754315018654---0.0579034686088562---0.6909282207489014
2024-07-24 17:50:21.622 | INFO     | __main__:loop:227 - target_loss=0.0006101360195316374---0.0006652515730820596---0.6971713900566101
2024-07-24 17:52:04.888 | INFO     | __main__:loop:189 - source_loss=0.0559568777680397---0.07376875728368759---0.12505772709846497---0.6942899227142334
2024-07-24 17:52:05.286 | INFO     | __main__:loop:227 - target_loss=0.0002252696140203625---0.00023223533935379237---0.6974602937698364
2024-07-24 17:52:26.350 | INFO     | __main__:loop:247 - model-7500, dice=0.769791, jac=0.626127
2024-07-24 17:52:26.351 | INFO     | __main__:loop:248 - model-7500, mAP=0.613828, F1=0.769791, MCC=0.743724, IoU=0.626127
2024-07-24 17:52:26.523 | INFO     | __main__:loop:261 - ***************save modol, iters = 7500.***************
2024-07-24 17:54:13.011 | INFO     | __main__:loop:189 - source_loss=0.038102634251117706---0.03756413608789444---0.07131380587816238---0.6838720440864563
2024-07-24 17:54:13.651 | INFO     | __main__:loop:227 - target_loss=0.00043958629248663783---0.0004695539828389883---0.7083089351654053
2024-07-24 17:55:59.151 | INFO     | __main__:loop:189 - source_loss=0.0632920190691948---0.09250078350305557---0.1394847184419632---0.7028416395187378
2024-07-24 17:55:59.550 | INFO     | __main__:loop:227 - target_loss=0.00032223694142885506---0.00034316873643547297---0.6855344772338867
2024-07-24 17:57:44.472 | INFO     | __main__:loop:189 - source_loss=0.033472586423158646---0.03381364047527313---0.06580313295125961---0.6842140555381775
2024-07-24 17:57:44.867 | INFO     | __main__:loop:227 - target_loss=0.00036667604581452906---0.0003655784821603447---0.7069807052612305
2024-07-24 17:59:28.741 | INFO     | __main__:loop:189 - source_loss=0.09475328028202057---0.04920107126235962---0.1322699934244156---0.6962106227874756
2024-07-24 17:59:29.306 | INFO     | __main__:loop:227 - target_loss=0.0005021887482143939---0.0004698860284406692---0.6935484409332275
2024-07-24 18:01:23.408 | INFO     | __main__:loop:189 - source_loss=0.03151099756360054---0.03394925966858864---0.06214240565896034---0.6797528862953186
2024-07-24 18:01:23.784 | INFO     | __main__:loop:227 - target_loss=0.000363165105227381---0.00034240222885273397---0.7076003551483154
2024-07-24 18:01:44.023 | INFO     | __main__:loop:247 - model-8000, dice=0.758887, jac=0.611807
2024-07-24 18:01:44.024 | INFO     | __main__:loop:248 - model-8000, mAP=0.598225, F1=0.758887, MCC=0.732034, IoU=0.611807
2024-07-24 18:01:44.212 | INFO     | __main__:loop:261 - ***************save modol, iters = 8000.***************
2024-07-24 18:03:32.903 | INFO     | __main__:loop:189 - source_loss=0.09721614420413971---0.08759544044733047---0.1622777134180069---0.6915335059165955
2024-07-24 18:03:33.270 | INFO     | __main__:loop:227 - target_loss=0.00028143709641881287---0.00029477733187377453---0.6997969150543213
2024-07-24 18:05:19.837 | INFO     | __main__:loop:189 - source_loss=0.046791188418865204---0.04852260649204254---0.07344557344913483---0.6953831911087036
2024-07-24 18:05:21.108 | INFO     | __main__:loop:227 - target_loss=0.0007277350523509085---0.0007338808500207961---0.6911618113517761
2024-07-24 18:07:11.327 | INFO     | __main__:loop:189 - source_loss=0.07416019588708878---0.10234776139259338---0.15547211468219757---0.693657636642456
2024-07-24 18:07:11.718 | INFO     | __main__:loop:227 - target_loss=0.0002784831158351153---0.00026793527649715543---0.6939139366149902
2024-07-24 18:08:56.256 | INFO     | __main__:loop:189 - source_loss=0.05670273303985596---0.08119480311870575---0.12416346371173859---0.6950957179069519
2024-07-24 18:08:56.952 | INFO     | __main__:loop:227 - target_loss=0.0006014054524712265---0.0005579100688919425---0.6907252073287964
2024-07-24 18:10:41.299 | INFO     | __main__:loop:189 - source_loss=0.0811360627412796---0.08887427300214767---0.17043592035770416---0.7006100416183472
2024-07-24 18:10:42.003 | INFO     | __main__:loop:227 - target_loss=0.0005645367782562971---0.0005435419734567404---0.6886105537414551
2024-07-24 18:11:02.570 | INFO     | __main__:loop:247 - model-8500, dice=0.772812, jac=0.630171
2024-07-24 18:11:02.571 | INFO     | __main__:loop:248 - model-8500, mAP=0.618311, F1=0.772812, MCC=0.746993, IoU=0.630171
2024-07-24 18:11:02.728 | INFO     | __main__:loop:261 - ***************save modol, iters = 8500.***************
2024-07-24 18:12:53.749 | INFO     | __main__:loop:189 - source_loss=0.036117278039455414---0.03593742474913597---0.060053132474422455---0.7054089307785034
2024-07-24 18:12:54.431 | INFO     | __main__:loop:227 - target_loss=0.0005389410071074963---0.0005292145651765168---0.6811808347702026
2024-07-24 18:14:40.206 | INFO     | __main__:loop:189 - source_loss=0.04710443317890167---0.047796059399843216---0.07376176118850708---0.6875036358833313
2024-07-24 18:14:40.596 | INFO     | __main__:loop:227 - target_loss=0.0004022386856377125---0.0003890625957865268---0.6976592540740967
2024-07-24 18:16:27.005 | INFO     | __main__:loop:189 - source_loss=0.03954677656292915---0.04224637895822525---0.06410253047943115---0.6875941753387451
2024-07-24 18:16:27.387 | INFO     | __main__:loop:227 - target_loss=0.00035366840893402696---0.0003371099301148206---0.6993414163589478
2024-07-24 18:18:19.715 | INFO     | __main__:loop:189 - source_loss=0.08851814270019531---0.06200041621923447---0.13958647847175598---0.6892889738082886
2024-07-24 18:18:20.249 | INFO     | __main__:loop:227 - target_loss=0.0005535563104785979---0.0005011943867430091---0.6995048522949219
2024-07-24 18:20:03.499 | INFO     | __main__:loop:189 - source_loss=0.039099354296922684---0.03685598447918892---0.06784121692180634---0.6744788885116577
2024-07-24 18:20:03.868 | INFO     | __main__:loop:227 - target_loss=0.00034203013638034463---0.00033470496418885887---0.7125582098960876
2024-07-24 18:20:23.736 | INFO     | __main__:loop:247 - model-9000, dice=0.769087, jac=0.625160
2024-07-24 18:20:23.738 | INFO     | __main__:loop:248 - model-9000, mAP=0.612763, F1=0.769087, MCC=0.742940, IoU=0.625160
2024-07-24 18:20:23.904 | INFO     | __main__:loop:261 - ***************save modol, iters = 9000.***************
2024-07-24 18:22:09.103 | INFO     | __main__:loop:189 - source_loss=0.05608605220913887---0.0843171551823616---0.13790076971054077---0.6870739459991455
2024-07-24 18:22:09.482 | INFO     | __main__:loop:227 - target_loss=0.000570263247936964---0.0006043885368853807---0.702488362789154
2024-07-24 18:23:54.409 | INFO     | __main__:loop:189 - source_loss=0.04745563492178917---0.08498136699199677---0.12043537944555283---0.6902567148208618
2024-07-24 18:23:54.803 | INFO     | __main__:loop:227 - target_loss=0.0003660050861071795---0.0003774314245674759---0.6978375315666199
2024-07-24 18:25:49.208 | INFO     | __main__:loop:189 - source_loss=0.0750461146235466---0.1163206547498703---0.19285209476947784---0.6922075748443604
2024-07-24 18:25:49.863 | INFO     | __main__:loop:227 - target_loss=0.0005447161966003478---0.0005365685792639852---0.6964112520217896
2024-07-24 18:27:38.061 | INFO     | __main__:loop:189 - source_loss=0.07187797874212265---0.050851091742515564---0.12445227056741714---0.6939768195152283
2024-07-24 18:27:39.011 | INFO     | __main__:loop:227 - target_loss=0.0006896823761053383---0.0007249797345139086---0.6952623128890991
2024-07-24 18:29:26.355 | INFO     | __main__:loop:189 - source_loss=0.043103355914354324---0.042949941009283066---0.06840614229440689---0.700404167175293
2024-07-24 18:29:26.762 | INFO     | __main__:loop:227 - target_loss=0.0004751795204356313---0.0004045377718284726---0.6864182353019714
2024-07-24 18:29:46.836 | INFO     | __main__:loop:247 - model-9500, dice=0.768743, jac=0.624781
2024-07-24 18:29:46.837 | INFO     | __main__:loop:248 - model-9500, mAP=0.612344, F1=0.768743, MCC=0.743030, IoU=0.624781
2024-07-24 18:29:46.994 | INFO     | __main__:loop:261 - ***************save modol, iters = 9500.***************
2024-07-24 18:31:28.622 | INFO     | __main__:loop:189 - source_loss=0.0403733067214489---0.03856600821018219---0.06612953543663025---0.6984908580780029
2024-07-24 18:31:28.983 | INFO     | __main__:loop:227 - target_loss=0.0004178521630819887---0.0004083011008333415---0.689875602722168
2024-07-24 18:33:11.596 | INFO     | __main__:loop:189 - source_loss=0.04497925564646721---0.053928788751363754---0.09630740433931351---0.6848140954971313
2024-07-24 18:33:12.030 | INFO     | __main__:loop:227 - target_loss=0.0005682596820406616---0.0005706881056539714---0.7018330693244934
2024-07-24 18:35:03.534 | INFO     | __main__:loop:189 - source_loss=0.04638685658574104---0.037233658134937286---0.0773395299911499---0.6988136172294617
2024-07-24 18:35:03.902 | INFO     | __main__:loop:227 - target_loss=0.00045418538502417505---0.00043791712960228324---0.689098596572876
2024-07-24 18:36:51.197 | INFO     | __main__:loop:189 - source_loss=0.03016320802271366---0.02874959446489811---0.05240929499268532---0.6953654885292053
2024-07-24 18:36:52.018 | INFO     | __main__:loop:227 - target_loss=0.0008835615590214729---0.0008737571770325303---0.694324791431427
2024-07-24 18:38:34.203 | INFO     | __main__:loop:189 - source_loss=0.050036028027534485---0.035849377512931824---0.08679971843957901---0.7002265453338623
2024-07-24 18:38:34.574 | INFO     | __main__:loop:227 - target_loss=0.0006619121413677931---0.0005941082490608096---0.6861950159072876
2024-07-24 18:38:54.271 | INFO     | __main__:loop:247 - model-10000, dice=0.767978, jac=0.623757
2024-07-24 18:38:54.272 | INFO     | __main__:loop:248 - model-10000, mAP=0.611262, F1=0.767978, MCC=0.742660, IoU=0.623757
2024-07-24 18:38:54.436 | INFO     | __main__:loop:261 - ***************save modol, iters = 10000.***************
2024-07-24 18:40:37.330 | INFO     | __main__:loop:189 - source_loss=0.04158106818795204---0.04227032884955406---0.061136744916439056---0.7059614658355713
2024-07-24 18:40:37.736 | INFO     | __main__:loop:227 - target_loss=0.0006018818239681423---0.0006084439228288829---0.6849939823150635
